For Tea-Partiers, MEAN ideal point value is = -0.0646
For Non-Tea-Party, MEAN ideal point value is = -0.0962


For Tea-Partiers, MEDIAN ideal point value is = -0.0617
For Non-Tea-Party, MEDIAN ideal point value is = -0.0927


For Tea-Partiers, MAX ideal point value is = 0.5742
For Non-Tea-Party, MAX ideal point value is = 0.5742


For Tea-Partiers, MIN ideal point value is = -0.7056
For Non-Tea-Party, MIN ideal point value is = -0.6461

---

Highest Ideal Points

W. Todd Akin {tea-party}	0.57420415
W. Todd Akin	0.57420415
Jeff  Flake {tea-party}	0.5017436
Kenny Ewell Marchant	0.49282834
David T. Dreier	0.43967724
John B. Shadegg	0.343717
Steven C. LaTourette	0.3109886
Thomas E. Petri	0.28257415
John L. Mica	0.25777376
Paul C. Broun {tea-party}	0.22726198
Patrick J. Tiberi	0.22304954
Louis B. Gohmert	0.20942529
Michele  Bachmann {tea-party}	0.20062597
Michele  Bachmann	0.20062597
Peter  Hoekstra {tea-party}	0.19263975
Thaddeus G. McCotter	0.17729801
Kevin P. Brady	0.17084917
Bill  Cassidy	0.1605602
Dan L. Burton {tea-party}	0.15396057
Dan L. Burton	0.15396057

--

Lowest Ideal Points

Stephen E. Buyer {tea-party}	-0.70562243
Robert  Aderholt {tea-party}	-0.6460631
Robert  Aderholt	-0.6460631
Edward  Whitfield	-0.64228743
Robert  Hurt	-0.5690957
Kay  Granger	-0.5185617
Rodney P. Frelinghuysen	-0.49346828
Stephen  Fincher	-0.48825863
H. Morgan Griffith	-0.4790598
Jim  Renacci	-0.43662873
Raúl  Labrador {tea-party}	-0.42306852
Michael K. Simpson	-0.3885044
Steve  Stivers	-0.38220674
Harold  Rogers {tea-party}	-0.36810917
Harold  Rogers	-0.36810917
John A. Sullivan	-0.35153592
Alan  Nunnelee	-0.33967897
Steven J. Chabot	-0.334399
Steve  Womack	-0.3254926
Frank A. LoBiondo	-0.32082233
