For Tea-Partiers, MEAN ideal point value is = 0.0036
For Non-Tea-Party, MEAN ideal point value is = -0.0173


For Tea-Partiers, MEDIAN ideal point value is = 0.0006
For Non-Tea-Party, MEDIAN ideal point value is = -0.0158


For Tea-Partiers, MAX ideal point value is = 0.7937
For Non-Tea-Party, MAX ideal point value is = 0.6485


For Tea-Partiers, MIN ideal point value is = -0.6174
For Non-Tea-Party, MIN ideal point value is = -0.5614

---

Highest Ideal Points

Stephen E. Buyer {tea-party}	0.7936549
Edward  Whitfield	0.64847076
Steven C. LaTourette	0.5689045
Thomas E. Petri	0.49374065
John L. Mica	0.45624414
W. Todd Akin	0.43569425
W. Todd Akin {tea-party}	0.43569425
H. Morgan Griffith	0.4031717
Jo  Bonner	0.33676833
Jo  Bonner {tea-party}	0.33676833
John A. Sullivan	0.3105438
John R. Carter	0.30938652
John R. Carter {tea-party}	0.30938652
Joe Linus Barton {tea-party}	0.30279294
Joe Linus Barton	0.30279294
Phil P. Roe {tea-party}	0.28245744
Phil P. Roe	0.28245744
William  Shuster	0.27347985
William  Shuster {tea-party}	0.27347985
Patrick J. Tiberi	0.27090988

--

Lowest Ideal Points

Jeff  Flake {tea-party}	-0.6174154
Kenny Ewell Marchant	-0.56143403
David T. Dreier	-0.49286783
Christopher H. Smith	-0.4893745
Francisco  Canseco	-0.4589639
David  Rivera	-0.4400633
F. James Sensenbrenner	-0.3823106
F. James Sensenbrenner {tea-party}	-0.3823106
Jeb  Hensarling {tea-party}	-0.34126735
Jeb  Hensarling	-0.34126735
Ben  Quayle	-0.32597527
George P. Radanovich	-0.3210545
Walter  Herger	-0.30327895
Walter  Herger {tea-party}	-0.30327895
Jim  Gerlach	-0.2881405
Lynn  Jenkins	-0.2830995
Lynn  Jenkins {tea-party}	-0.2830995
Lamar S. Smith	-0.2746233
Billy  Long	-0.26686707
Austin  Scott	-0.26259896
