For Progressives, MEAN ideal point value is = 0.0094
For Non-Progressives, MEAN ideal point value is = 0.1333


For Progressives, MEDIAN ideal point value is = 0.0212
For Non-Progressives, MEDIAN ideal point value is = 0.162


For Progressives, MAX ideal point value is = 0.466
For Non-Progressives, MAX ideal point value is = 1.1324


For Progressives, MIN ideal point value is = -0.4788
For Non-Progressives, MIN ideal point value is = -0.7775

---

Highest Ideal Points

BRADY, Robert A.	1.1324371
KIHUEN, Ruben Jesus	0.8880663
UPTON, Fred	0.6904264
GARAMENDI, John	0.5833414
DOYLE, Michael F.	0.549654
KIRKPATRICK, Ann	0.535226
PETERSON, Collin Clark	0.52897096
COSTA, Jim	0.52083796
LOWEY, Nita M.	0.49753377
BRINDISI, Anthony	0.48469338
LOEBSACK, Dave {prog}	0.46596155
SCHRADER, Kurt	0.43302867
LAMBORN, Doug	0.4245127
HUFFMAN, Jared {prog}	0.42185438
WALZ, Tim	0.40721917
TITUS, Dina	0.40467477
BUSTOS, Cheri	0.4026547
LURIA, Elaine	0.40226838
TAKANO, Mark {prog}	0.401172
VAN DREW, Jefferson	0.39557308

--

Lowest Ideal Points

GREEN, Al	-0.7775345
JONES, Brenda	-0.7014542
RICE, Kathleen Maura	-0.51487744
THOMPSON, Bennie {prog}	-0.47884727
TORRES SMALL, Xochitl	-0.4429176
EVANS, Dwight {prog}	-0.4386244
RICHMOND, Cedric	-0.42477426
JACKSON LEE, Sheila {prog}	-0.41250235
VELA, Filemon	-0.4100275
CONYERS, John, Jr.	-0.37921917
BASS, Karen {prog}	-0.35779
LEE, Barbara {prog}	-0.35062587
SCOTT, David	-0.33653525
WATERS, Maxine {prog}	-0.32013348
LAWRENCE, Brenda L {prog}	-0.31933153
ADAMS, Alma {prog}	-0.3149757
CLARKE, Yvette Diane {prog}	-0.31338993
MEEKS, Gregory W.	-0.29928422
HORSFORD, Steven {prog}	-0.2855636
BEATTY, Joyce	-0.28545058
