For Progressives, MEAN ideal point value is = -0.1134
For Non-Progressives, MEAN ideal point value is = -0.1673


For Progressives, MEDIAN ideal point value is = -0.1262
For Non-Progressives, MEDIAN ideal point value is = -0.1608


For Progressives, MAX ideal point value is = 0.4964
For Non-Progressives, MAX ideal point value is = 0.6625


For Progressives, MIN ideal point value is = -0.5672
For Non-Progressives, MIN ideal point value is = -0.9435

---

Highest Ideal Points

GREEN, Al	0.6624839
GARAMENDI, John	0.62972
SOTO, Darren Michael {prog}	0.49636978
SLAUGHTER, Louise McIntosh {prog}	0.4302007
HOYER, Steny Hamilton	0.41937143
CONYERS, John, Jr.	0.40272498
McGOVERN, James P. {prog}	0.35577077
HASTINGS, Alcee Lamar	0.31014982
JACKSON LEE, Sheila {prog}	0.2756601
JACKSON LEE, Sheila	0.2756601
YARMUTH, John	0.25156692
YARMUTH, John {prog}	0.25156692
LOWEY, Nita M.	0.23363756
NADLER, Jerrold Lewis {prog}	0.23066899
PRICE, David Eugene	0.20900442
NEAL, Richard Edmund	0.20669837
RASKIN, Jamie Ben {prog}	0.1978841
POLIS, Jared {prog}	0.17814848
BEYER, Donald {prog}	0.17785285
VISCLOSKY, Peter	0.17781998

--

Lowest Ideal Points

KIHUEN, Ruben Jesus	-0.9434669
BRADY, Robert A.	-0.8147222
ALLRED, Colin	-0.638043
KIRKPATRICK, Ann	-0.6270331
TITUS, Alice (Dina)	-0.6034915
DAVIDS, Sharice	-0.58500195
McBATH, Lucy	-0.5763645
DOYLE, Michael F.	-0.57061154
KIM, Andy {prog}	-0.56724465
LEE, Susie	-0.566082
ROUDA, Harley	-0.5471907
BROWNLEY, Julia	-0.5347718
FINKENAUER, Abby	-0.5265127
BRINDISI, Anthony	-0.52074546
TAKANO, Mark {prog}	-0.50195163
WALZ, Tim	-0.50052345
DELGADO, Antonio {prog}	-0.49144056
PAPPAS, Chris	-0.49113852
RICE, Kathleen Maura	-0.48939782
SINEMA, Kyrsten	-0.48256373
